<?xml version="1.0" encoding="UTF-8"?>
<!-- Generated by org.testng.reporters.JUnitReportReporter -->
<testsuite hostname="DESKTOP-DKF5J9N" failures="0" tests="1" name="com.herokuapp.Checkboxes" time="3.770" errors="0" timestamp="2023-07-10T19:33:39 EEST" skipped="0">
  <testcase classname="com.herokuapp.Checkboxes" name="checkboxTest" time="3.770"/>
</testsuite> <!-- com.herokuapp.Checkboxes -->
