<?xml version="1.0" encoding="UTF-8"?>
<!-- Generated by org.testng.reporters.JUnitReportReporter -->
<testsuite hostname="DESKTOP-DKF5J9N" failures="0" tests="1" name="com.herokuapp.Dropdown" time="2.632" errors="0" timestamp="2023-07-10T19:33:39 EEST" skipped="0">
  <testcase classname="com.herokuapp.Dropdown" name="dropdownTest" time="2.632"/>
</testsuite> <!-- com.herokuapp.Dropdown -->
